Arguments: 
  /home/ubuntu/.nvm/versions/node/v8.16.0/bin/node /usr/share/yarn/bin/yarn.js init

PATH: 
  /home/ubuntu/.nvm/versions/node/v8.16.0/bin:/home/ubuntu/.rvm/gems/ruby-2.6.3/bin:/home/ubuntu/.rvm/gems/ruby-2.6.3@global/bin:/home/ubuntu/.rvm/rubies/ruby-2.6.3/bin:/usr/local/sbin:/usr/local/bin:/usr/sbin:/usr/bin:/sbin:/bin:/usr/games:/usr/local/games:/home/ubuntu/.local/bin:/home/ubuntu/bin:/home/ubuntu/.rvm/bin:/snap/bin:/home/ubuntu/.local/bin:/home/ubuntu/bin:/home/ubuntu/.rvm/bin:/home/ubuntu/.local/bin:/home/ubuntu/bin:/home/ubuntu/.rvm/bin

Yarn version: 
  1.16.0

Node version: 
  8.16.0

Platform: 
  linux x64

Trace: 
  Error: canceled
      at Interface.<anonymous> (/usr/share/yarn/lib/cli.js:125850:13)
      at emitNone (events.js:106:13)
      at Interface.emit (events.js:208:7)
      at Interface._ttyWrite (readline.js:774:16)
      at ReadStream.onkeypress (readline.js:158:10)
      at emitTwo (events.js:126:13)
      at ReadStream.emit (events.js:214:7)
      at emitKeys (internal/readline.js:420:14)
      at emitKeys.next (<anonymous>)
      at ReadStream.onData (readline.js:1010:36)

npm manifest: 
  No manifest

yarn manifest: 
  No manifest

Lockfile: 
  No lockfile
